Using pre-set license
Built from 'trunk' branch; Version is '6000.0.19f1 (302b264628f9) revision 3156774'; Using compiler version '193933523'; Build Type 'Release'
OS: 'Windows 11  (10.0.22631) 64bit CoreSingleLanguage' Language: 'en' Physical Memory: 15571 MB
BatchMode: 1, IsHumanControllingUs: 0, StartBugReporterOnCrash: 0, Is64bit: 1, IsPro: 1

COMMAND LINE ARGUMENTS:
C:\Program Files\Unity\Hub\Editor\6000.0.19f1\Editor\Unity.exe
-adb2
-batchMode
-noUpm
-name
AssetImportWorker1
-projectPath
F:/FALL2024/PRU212/Project/code dinh new/2DFarm1
-logFile
Logs/AssetImportWorker1.log
-srvPort
58799
-job-worker-count
5
-background-job-worker-count
8
-asset-garbage-collectors
1
Successfully changed project path to: F:/FALL2024/PRU212/Project/code dinh new/2DFarm1
F:/FALL2024/PRU212/Project/code dinh new/2DFarm1
[UnityMemory] Configuration Parameters - Can be set up in boot.config
    "memorysetup-bucket-allocator-granularity=16"
    "memorysetup-bucket-allocator-bucket-count=8"
    "memorysetup-bucket-allocator-block-size=33554432"
    "memorysetup-bucket-allocator-block-count=8"
    "memorysetup-main-allocator-block-size=16777216"
    "memorysetup-thread-allocator-block-size=16777216"
    "memorysetup-gfx-main-allocator-block-size=16777216"
    "memorysetup-gfx-thread-allocator-block-size=16777216"
    "memorysetup-cache-allocator-block-size=4194304"
    "memorysetup-typetree-allocator-block-size=2097152"
    "memorysetup-profiler-bucket-allocator-granularity=16"
    "memorysetup-profiler-bucket-allocator-bucket-count=8"
    "memorysetup-profiler-bucket-allocator-block-size=33554432"
    "memorysetup-profiler-bucket-allocator-block-count=8"
    "memorysetup-profiler-allocator-block-size=16777216"
    "memorysetup-profiler-editor-allocator-block-size=1048576"
    "memorysetup-temp-allocator-size-main=16777216"
    "memorysetup-job-temp-allocator-block-size=2097152"
    "memorysetup-job-temp-allocator-block-size-background=1048576"
    "memorysetup-job-temp-allocator-reduction-small-platforms=262144"
    "memorysetup-allocator-temp-initial-block-size-main=262144"
    "memorysetup-allocator-temp-initial-block-size-worker=262144"
    "memorysetup-temp-allocator-size-background-worker=32768"
    "memorysetup-temp-allocator-size-job-worker=262144"
    "memorysetup-temp-allocator-size-preload-manager=33554432"
    "memorysetup-temp-allocator-size-nav-mesh-worker=65536"
    "memorysetup-temp-allocator-size-audio-worker=65536"
    "memorysetup-temp-allocator-size-cloud-worker=32768"
    "memorysetup-temp-allocator-size-gi-baking-worker=262144"
    "memorysetup-temp-allocator-size-gi-baking-worker=262144"
    "memorysetup-temp-allocator-size-gi-baking-worker=262144"
    "memorysetup-temp-allocator-size-gi-baking-worker=262144"
    "memorysetup-temp-allocator-size-gi-baking-worker=262144"
    "memorysetup-temp-allocator-size-gfx=262144"
Player connection [19432]  Target information:

Player connection [19432]  * "[IP] 10.12.3.213 [Port] 0 [Flags] 2 [Guid] 456740750 [EditorId] 456740750 [Version] 1048832 [Id] WindowsEditor(7,DESKTOP-29BOTTN) [Debug] 1 [PackageName] WindowsEditor [ProjectName] Editor" 

Player connection [19432] Host joined multi-casting on [225.0.0.222:54997]...
Player connection [19432] Host joined alternative multi-casting on [225.0.0.222:34997]...
JobSystem: Creating JobQueue using job-worker-count value 5
Library Redirect Path: Library/
[PhysX] Initialized MultithreadedTaskDispatcher with 6 workers.
Refreshing native plugins compatible for Editor in 1.08 ms, found 3 plugins.
Preloading 0 native plugins for Editor in 0.00 ms.
Initialize engine version: 6000.0.19f1 (302b264628f9)
[Subsystems] Discovering subsystems at path C:/Program Files/Unity/Hub/Editor/6000.0.19f1/Editor/Data/Resources/UnitySubsystems
[Subsystems] Discovering subsystems at path F:/FALL2024/PRU212/Project/code dinh new/2DFarm1/Assets
GfxDevice: creating device client; kGfxThreadingModeNonThreaded
Direct3D:
    Version:  Direct3D 11.0 [level 11.1]
    Renderer: AMD Radeon RX 6550M (ID=0x743f)
    Vendor:   ATI
    VRAM:     4050 MB
    Driver:   32.0.11037.4004
Initialize mono
Mono path[0] = 'C:/Program Files/Unity/Hub/Editor/6000.0.19f1/Editor/Data/Managed'
Mono path[1] = 'C:/Program Files/Unity/Hub/Editor/6000.0.19f1/Editor/Data/MonoBleedingEdge/lib/mono/unityjit-win32'
Mono config path = 'C:/Program Files/Unity/Hub/Editor/6000.0.19f1/Editor/Data/MonoBleedingEdge/etc'
Using monoOptions --debugger-agent=transport=dt_socket,embedding=1,server=y,suspend=n,address=127.0.0.1:56728
Begin MonoManager ReloadAssembly
Registering precompiled unity dll's ...
Register platform support module: C:/Program Files/Unity/Hub/Editor/6000.0.19f1/Editor/Data/PlaybackEngines/WindowsStandaloneSupport/UnityEditor.WindowsStandalone.Extensions.dll
Registered in 0.002674 seconds.
- Loaded All Assemblies, in  0.424 seconds
Native extension for WindowsStandalone target not found
Mono: successfully reloaded assembly
- Finished resetting the current domain, in  0.364 seconds
Domain Reload Profiling: 788ms
	BeginReloadAssembly (130ms)
		ExecutionOrderSort (0ms)
		DisableScriptedObjects (0ms)
		BackupInstance (0ms)
		ReleaseScriptingObjects (0ms)
		CreateAndSetChildDomain (1ms)
	RebuildCommonClasses (44ms)
	RebuildNativeTypeToScriptingClass (13ms)
	initialDomainReloadingComplete (48ms)
	LoadAllAssembliesAndSetupDomain (188ms)
		LoadAssemblies (128ms)
		RebuildTransferFunctionScriptingTraits (0ms)
		AnalyzeDomain (185ms)
			TypeCache.Refresh (184ms)
				TypeCache.ScanAssembly (166ms)
			BuildScriptInfoCaches (0ms)
			ResolveRequiredComponents (0ms)
	FinalizeReload (365ms)
		ReleaseScriptCaches (0ms)
		RebuildScriptCaches (0ms)
		SetupLoadedEditorAssemblies (299ms)
			LogAssemblyErrors (0ms)
			InitializePlatformSupportModulesInManaged (21ms)
			SetLoadedEditorAssemblies (4ms)
			BeforeProcessingInitializeOnLoad (7ms)
			ProcessInitializeOnLoadAttributes (202ms)
			ProcessInitializeOnLoadMethodAttributes (64ms)
			AfterProcessingInitializeOnLoad (2ms)
			EditorAssembliesLoaded (0ms)
		ExecutionOrderSort2 (0ms)
		AwakeInstancesAfterBackupRestoration (0ms)
========================================================================
Worker process is ready to serve import requests
Import Worker Mode flag is 0x00
Begin MonoManager ReloadAssembly
- Loaded All Assemblies, in  0.967 seconds
Refreshing native plugins compatible for Editor in 0.75 ms, found 3 plugins.
Native extension for WindowsStandalone target not found
Mono: successfully reloaded assembly
- Finished resetting the current domain, in  0.828 seconds
Domain Reload Profiling: 1792ms
	BeginReloadAssembly (445ms)
		ExecutionOrderSort (0ms)
		DisableScriptedObjects (7ms)
		BackupInstance (0ms)
		ReleaseScriptingObjects (0ms)
		CreateAndSetChildDomain (37ms)
	RebuildCommonClasses (33ms)
	RebuildNativeTypeToScriptingClass (11ms)
	initialDomainReloadingComplete (41ms)
	LoadAllAssembliesAndSetupDomain (433ms)
		LoadAssemblies (332ms)
		RebuildTransferFunctionScriptingTraits (0ms)
		AnalyzeDomain (218ms)
			TypeCache.Refresh (156ms)
				TypeCache.ScanAssembly (139ms)
			BuildScriptInfoCaches (51ms)
			ResolveRequiredComponents (9ms)
	FinalizeReload (829ms)
		ReleaseScriptCaches (0ms)
		RebuildScriptCaches (0ms)
		SetupLoadedEditorAssemblies (577ms)
			LogAssemblyErrors (0ms)
			InitializePlatformSupportModulesInManaged (3ms)
			SetLoadedEditorAssemblies (4ms)
			BeforeProcessingInitializeOnLoad (56ms)
			ProcessInitializeOnLoadAttributes (394ms)
			ProcessInitializeOnLoadMethodAttributes (113ms)
			AfterProcessingInitializeOnLoad (6ms)
			EditorAssembliesLoaded (0ms)
		ExecutionOrderSort2 (0ms)
		AwakeInstancesAfterBackupRestoration (6ms)
Launched and connected shader compiler UnityShaderCompiler.exe after 0.01 seconds
Refreshing native plugins compatible for Editor in 0.72 ms, found 3 plugins.
Preloading 0 native plugins for Editor in 0.00 ms.
Unloading 220 Unused Serialized files (Serialized files now loaded: 0)
Unloading 4689 unused Assets / (3.4 MB). Loaded Objects now: 5479.
Memory consumption went from 189.3 MB to 185.9 MB.
Total: 6.870600 ms (FindLiveObjects: 0.553500 ms CreateObjectMapping: 0.278300 ms MarkObjects: 4.572200 ms  DeleteObjects: 1.463100 ms)

========================================================================
Received Import Request.
  Time since last request: 141913.978518 seconds.
  path: Assets/Prefabs/Bag.prefab
  artifactKey: Guid(c6197e8aded27b5418467bb07287e045) Importer(815301076,1909f56bfc062723c751e8b465ee728b)
Start importing Assets/Prefabs/Bag.prefab using Guid(c6197e8aded27b5418467bb07287e045) Importer(815301076,1909f56bfc062723c751e8b465ee728b) (PreviewImporter)[PhysX] Initialized MultithreadedTaskDispatcher with 6 workers.
[PhysX] Initialized MultithreadedTaskDispatcher with 6 workers.
 -> (artifact id: '22e796dc386e118d31fe5ddff6eb2c6f') in 0.4848892 seconds
Number of updated asset objects reloaded before import = 0Number of asset objects unloaded after import = 10

========================================================================
Received Import Request.
  Time since last request: 0.000045 seconds.
  path: Assets/Prefabs/House.prefab
  artifactKey: Guid(6183b360344caab49a8d93453140e9b1) Importer(815301076,1909f56bfc062723c751e8b465ee728b)
Start importing Assets/Prefabs/House.prefab using Guid(6183b360344caab49a8d93453140e9b1) Importer(815301076,1909f56bfc062723c751e8b465ee728b) (PreviewImporter)[PhysX] Initialized MultithreadedTaskDispatcher with 6 workers.
[PhysX] Initialized MultithreadedTaskDispatcher with 6 workers.
 -> (artifact id: 'b6c8ae8b7419b7d0e8845d5f12b3e70a') in 0.0399009 seconds
Number of updated asset objects reloaded before import = 0Number of asset objects unloaded after import = 10

========================================================================
Received Import Request.
  Time since last request: 0.000044 seconds.
  path: Assets/Prefabs/Rock.prefab
  artifactKey: Guid(002f7b52768937c47865cc2c740ce0f1) Importer(815301076,1909f56bfc062723c751e8b465ee728b)
Start importing Assets/Prefabs/Rock.prefab using Guid(002f7b52768937c47865cc2c740ce0f1) Importer(815301076,1909f56bfc062723c751e8b465ee728b) (PreviewImporter)[PhysX] Initialized MultithreadedTaskDispatcher with 6 workers.
[PhysX] Initialized MultithreadedTaskDispatcher with 6 workers.
 -> (artifact id: 'e012b4ca625ee04b03d84fce52a72e90') in 0.0118923 seconds
Number of updated asset objects reloaded before import = 0Number of asset objects unloaded after import = 8

========================================================================
Received Import Request.
  Time since last request: 0.000022 seconds.
  path: Assets/Prefabs/Map.prefab
  artifactKey: Guid(5779347fd80e0f542b27b11190befb33) Importer(815301076,1909f56bfc062723c751e8b465ee728b)
Start importing Assets/Prefabs/Map.prefab using Guid(5779347fd80e0f542b27b11190befb33) Importer(815301076,1909f56bfc062723c751e8b465ee728b) (PreviewImporter)[PhysX] Initialized MultithreadedTaskDispatcher with 6 workers.
[PhysX] Initialized MultithreadedTaskDispatcher with 6 workers.
 -> (artifact id: '8d52cd8e9d67e7bb474afa42b33735dc') in 0.0140872 seconds
Number of updated asset objects reloaded before import = 0Number of asset objects unloaded after import = 11

========================================================================
Received Import Request.
  Time since last request: 0.000027 seconds.
  path: Assets/Prefabs/Chest.prefab
  artifactKey: Guid(66c3f7a12305fe34c9222c2b0d31d243) Importer(815301076,1909f56bfc062723c751e8b465ee728b)
Start importing Assets/Prefabs/Chest.prefab using Guid(66c3f7a12305fe34c9222c2b0d31d243) Importer(815301076,1909f56bfc062723c751e8b465ee728b) (PreviewImporter)[PhysX] Initialized MultithreadedTaskDispatcher with 6 workers.
[PhysX] Initialized MultithreadedTaskDispatcher with 6 workers.
 -> (artifact id: '3e2a222f0ffc916366fd4208ef8451ac') in 0.0168061 seconds
Number of updated asset objects reloaded before import = 0Number of asset objects unloaded after import = 57

========================================================================
Received Import Request.
  Time since last request: 0.000023 seconds.
  path: Assets/Prefabs/Potato.prefab
  artifactKey: Guid(d0b02f423e49a1e489331677085a8c77) Importer(815301076,1909f56bfc062723c751e8b465ee728b)
Start importing Assets/Prefabs/Potato.prefab using Guid(d0b02f423e49a1e489331677085a8c77) Importer(815301076,1909f56bfc062723c751e8b465ee728b) (PreviewImporter)[PhysX] Initialized MultithreadedTaskDispatcher with 6 workers.
[PhysX] Initialized MultithreadedTaskDispatcher with 6 workers.
 -> (artifact id: '438cd27e5e35b0fcfb176f6fdd9e1d21') in 0.0124555 seconds
Number of updated asset objects reloaded before import = 0Number of asset objects unloaded after import = 9

========================================================================
Received Import Request.
  Time since last request: 0.000022 seconds.
  path: Assets/Prefabs/Boss.prefab
  artifactKey: Guid(5cf5f9c49f7e5fa4699bd54ec6175931) Importer(815301076,1909f56bfc062723c751e8b465ee728b)
Start importing Assets/Prefabs/Boss.prefab using Guid(5cf5f9c49f7e5fa4699bd54ec6175931) Importer(815301076,1909f56bfc062723c751e8b465ee728b) (PreviewImporter)[PhysX] Initialized MultithreadedTaskDispatcher with 6 workers.
 -> (artifact id: '2215c35e67513f741fdfbcaffb1a20f4') in 0.0018802 seconds
Number of updated asset objects reloaded before import = 0Number of asset objects unloaded after import = 6

========================================================================
Received Import Request.
  Time since last request: 0.000029 seconds.
  path: Assets/Prefabs/Hoe.prefab
  artifactKey: Guid(a398203703a2fb747830ad9940f0c51f) Importer(815301076,1909f56bfc062723c751e8b465ee728b)
Start importing Assets/Prefabs/Hoe.prefab using Guid(a398203703a2fb747830ad9940f0c51f) Importer(815301076,1909f56bfc062723c751e8b465ee728b) (PreviewImporter)[PhysX] Initialized MultithreadedTaskDispatcher with 6 workers.
[PhysX] Initialized MultithreadedTaskDispatcher with 6 workers.
 -> (artifact id: '38986ca56611c645a3ac381beaab8e83') in 0.0146783 seconds
Number of updated asset objects reloaded before import = 0Number of asset objects unloaded after import = 9

========================================================================
Received Import Request.
  Time since last request: 0.000030 seconds.
  path: Assets/Prefabs/Kiem.prefab
  artifactKey: Guid(ad5c752fa197cb9489ab4204590abadb) Importer(815301076,1909f56bfc062723c751e8b465ee728b)
Start importing Assets/Prefabs/Kiem.prefab using Guid(ad5c752fa197cb9489ab4204590abadb) Importer(815301076,1909f56bfc062723c751e8b465ee728b) (PreviewImporter)[PhysX] Initialized MultithreadedTaskDispatcher with 6 workers.
[PhysX] Initialized MultithreadedTaskDispatcher with 6 workers.
 -> (artifact id: '9f26914a7972c654b7f71f68f2101c78') in 0.0149579 seconds
Number of updated asset objects reloaded before import = 0Number of asset objects unloaded after import = 11

========================================================================
Received Import Request.
  Time since last request: 24.012604 seconds.
  path: Assets/Inventory/Bag.asset
  artifactKey: Guid(94b96ee4028f74340b927a57c2c1592d) Importer(815301076,1909f56bfc062723c751e8b465ee728b)
Start importing Assets/Inventory/Bag.asset using Guid(94b96ee4028f74340b927a57c2c1592d) Importer(815301076,1909f56bfc062723c751e8b465ee728b) (PreviewImporter)[PhysX] Initialized MultithreadedTaskDispatcher with 6 workers.
 -> (artifact id: '3fca5b25122b2478fc97951e5b26638b') in 0.0206202 seconds
Number of updated asset objects reloaded before import = 0Number of asset objects unloaded after import = 2

========================================================================
Received Import Request.
  Time since last request: 0.000028 seconds.
  path: Assets/Inventory/Wood.asset
  artifactKey: Guid(5e239568605621747826406fb0e330d2) Importer(815301076,1909f56bfc062723c751e8b465ee728b)
Start importing Assets/Inventory/Wood.asset using Guid(5e239568605621747826406fb0e330d2) Importer(815301076,1909f56bfc062723c751e8b465ee728b) (PreviewImporter)[PhysX] Initialized MultithreadedTaskDispatcher with 6 workers.
 -> (artifact id: 'd4a7079752cbb84b1fb0abfd00913aa6') in 0.0012346 seconds
Number of updated asset objects reloaded before import = 0Number of asset objects unloaded after import = 2

========================================================================
Received Import Request.
  Time since last request: 0.000024 seconds.
  path: Assets/Inventory/WateringCan.asset
  artifactKey: Guid(83aacf7b5bc19f74ca3b926dee43fde5) Importer(815301076,1909f56bfc062723c751e8b465ee728b)
Start importing Assets/Inventory/WateringCan.asset using Guid(83aacf7b5bc19f74ca3b926dee43fde5) Importer(815301076,1909f56bfc062723c751e8b465ee728b) (PreviewImporter)[PhysX] Initialized MultithreadedTaskDispatcher with 6 workers.
 -> (artifact id: '75e8329e31ba89c74ff5f14c761d36b7') in 0.001022 seconds
Number of updated asset objects reloaded before import = 0Number of asset objects unloaded after import = 2

========================================================================
Received Import Request.
  Time since last request: 0.000028 seconds.
  path: Assets/Inventory/Map.asset
  artifactKey: Guid(b3eb671b36600e2468c617a57776cef8) Importer(815301076,1909f56bfc062723c751e8b465ee728b)
Start importing Assets/Inventory/Map.asset using Guid(b3eb671b36600e2468c617a57776cef8) Importer(815301076,1909f56bfc062723c751e8b465ee728b) (PreviewImporter)[PhysX] Initialized MultithreadedTaskDispatcher with 6 workers.
 -> (artifact id: '68cad325a7722a470daef4f73cba0488') in 0.0014466 seconds
Number of updated asset objects reloaded before import = 0Number of asset objects unloaded after import = 2

========================================================================
Received Import Request.
  Time since last request: 0.000023 seconds.
  path: Assets/Inventory/Seed_Corn.asset
  artifactKey: Guid(7ce33680ec2e41f4eadda5340911712e) Importer(815301076,1909f56bfc062723c751e8b465ee728b)
Start importing Assets/Inventory/Seed_Corn.asset using Guid(7ce33680ec2e41f4eadda5340911712e) Importer(815301076,1909f56bfc062723c751e8b465ee728b) (PreviewImporter)[PhysX] Initialized MultithreadedTaskDispatcher with 6 workers.
 -> (artifact id: '2b73ebf4926958f5c23c8a115010d52e') in 0.0012321 seconds
Number of updated asset objects reloaded before import = 0Number of asset objects unloaded after import = 2

========================================================================
Received Import Request.
  Time since last request: 0.000036 seconds.
  path: Assets/Inventory/Seed_Tomato.asset
  artifactKey: Guid(1994ab2bbf0d01d418848dd8d922a1fa) Importer(815301076,1909f56bfc062723c751e8b465ee728b)
Start importing Assets/Inventory/Seed_Tomato.asset using Guid(1994ab2bbf0d01d418848dd8d922a1fa) Importer(815301076,1909f56bfc062723c751e8b465ee728b) (PreviewImporter)[PhysX] Initialized MultithreadedTaskDispatcher with 6 workers.
 -> (artifact id: '34bd265750652ba65148aecf4201c88c') in 0.0011216 seconds
Number of updated asset objects reloaded before import = 0Number of asset objects unloaded after import = 2

========================================================================
Received Import Request.
  Time since last request: 0.000027 seconds.
  path: Assets/Inventory/Inventory.asset
  artifactKey: Guid(f6136b0e5c6311d4b821f028c20bd111) Importer(815301076,1909f56bfc062723c751e8b465ee728b)
Start importing Assets/Inventory/Inventory.asset using Guid(f6136b0e5c6311d4b821f028c20bd111) Importer(815301076,1909f56bfc062723c751e8b465ee728b) (PreviewImporter)[PhysX] Initialized MultithreadedTaskDispatcher with 6 workers.
 -> (artifact id: '34f04b1b536174134cd2ab0dec931458') in 0.0054309 seconds
Number of updated asset objects reloaded before import = 0Number of asset objects unloaded after import = 33

========================================================================
Received Prepare
Refreshing native plugins compatible for Editor in 0.75 ms, found 3 plugins.
Preloading 0 native plugins for Editor in 0.00 ms.
Unloading 13 Unused Serialized files (Serialized files now loaded: 0)
Unloading 4680 unused Assets / (3.6 MB). Loaded Objects now: 5612.
Memory consumption went from 159.1 MB to 155.5 MB.
Total: 10.142800 ms (FindLiveObjects: 0.502200 ms CreateObjectMapping: 0.255000 ms MarkObjects: 7.374100 ms  DeleteObjects: 2.009700 ms)

Prepare: number of updated asset objects reloaded= 0
========================================================================
Received Prepare
Begin MonoManager ReloadAssembly
- Loaded All Assemblies, in  0.636 seconds
Refreshing native plugins compatible for Editor in 0.63 ms, found 3 plugins.
Native extension for WindowsStandalone target not found
Mono: successfully reloaded assembly
- Finished resetting the current domain, in  0.851 seconds
Domain Reload Profiling: 1487ms
	BeginReloadAssembly (247ms)
		ExecutionOrderSort (0ms)
		DisableScriptedObjects (31ms)
		BackupInstance (0ms)
		ReleaseScriptingObjects (0ms)
		CreateAndSetChildDomain (72ms)
	RebuildCommonClasses (32ms)
	RebuildNativeTypeToScriptingClass (11ms)
	initialDomainReloadingComplete (25ms)
	LoadAllAssembliesAndSetupDomain (320ms)
		LoadAssemblies (263ms)
		RebuildTransferFunctionScriptingTraits (0ms)
		AnalyzeDomain (156ms)
			TypeCache.Refresh (8ms)
				TypeCache.ScanAssembly (1ms)
			BuildScriptInfoCaches (136ms)
			ResolveRequiredComponents (10ms)
	FinalizeReload (852ms)
		ReleaseScriptCaches (0ms)
		RebuildScriptCaches (0ms)
		SetupLoadedEditorAssemblies (562ms)
			LogAssemblyErrors (0ms)
			InitializePlatformSupportModulesInManaged (2ms)
			SetLoadedEditorAssemblies (5ms)
			BeforeProcessingInitializeOnLoad (72ms)
			ProcessInitializeOnLoadAttributes (399ms)
			ProcessInitializeOnLoadMethodAttributes (75ms)
			AfterProcessingInitializeOnLoad (10ms)
			EditorAssembliesLoaded (0ms)
		ExecutionOrderSort2 (0ms)
		AwakeInstancesAfterBackupRestoration (15ms)
Refreshing native plugins compatible for Editor in 0.72 ms, found 3 plugins.
Preloading 0 native plugins for Editor in 0.00 ms.
Unloading 13 Unused Serialized files (Serialized files now loaded: 0)
Unloading 4687 unused Assets / (3.7 MB). Loaded Objects now: 5516.
Memory consumption went from 157.1 MB to 153.3 MB.
Total: 7.532500 ms (FindLiveObjects: 0.502300 ms CreateObjectMapping: 0.245000 ms MarkObjects: 4.890900 ms  DeleteObjects: 1.893200 ms)

Prepare: number of updated asset objects reloaded= 0
========================================================================
Received Prepare
Refreshing native plugins compatible for Editor in 1.18 ms, found 3 plugins.
Preloading 0 native plugins for Editor in 0.00 ms.
Unloading 13 Unused Serialized files (Serialized files now loaded: 0)
Unloading 4679 unused Assets / (4.0 MB). Loaded Objects now: 5516.
Memory consumption went from 157.1 MB to 153.1 MB.
Total: 10.992300 ms (FindLiveObjects: 0.538500 ms CreateObjectMapping: 0.372200 ms MarkObjects: 7.401200 ms  DeleteObjects: 2.679400 ms)

Prepare: number of updated asset objects reloaded= 0
========================================================================
Received Prepare
Begin MonoManager ReloadAssembly
- Loaded All Assemblies, in  0.643 seconds
Refreshing native plugins compatible for Editor in 0.94 ms, found 3 plugins.
Native extension for WindowsStandalone target not found
Mono: successfully reloaded assembly
- Finished resetting the current domain, in  0.754 seconds
Domain Reload Profiling: 1398ms
	BeginReloadAssembly (209ms)
		ExecutionOrderSort (0ms)
		DisableScriptedObjects (17ms)
		BackupInstance (0ms)
		ReleaseScriptingObjects (0ms)
		CreateAndSetChildDomain (54ms)
	RebuildCommonClasses (37ms)
	RebuildNativeTypeToScriptingClass (13ms)
	initialDomainReloadingComplete (22ms)
	LoadAllAssembliesAndSetupDomain (363ms)
		LoadAssemblies (295ms)
		RebuildTransferFunctionScriptingTraits (0ms)
		AnalyzeDomain (167ms)
			TypeCache.Refresh (8ms)
				TypeCache.ScanAssembly (1ms)
			BuildScriptInfoCaches (147ms)
			ResolveRequiredComponents (10ms)
	FinalizeReload (754ms)
		ReleaseScriptCaches (0ms)
		RebuildScriptCaches (0ms)
		SetupLoadedEditorAssemblies (487ms)
			LogAssemblyErrors (0ms)
			InitializePlatformSupportModulesInManaged (2ms)
			SetLoadedEditorAssemblies (5ms)
			BeforeProcessingInitializeOnLoad (44ms)
			ProcessInitializeOnLoadAttributes (373ms)
			ProcessInitializeOnLoadMethodAttributes (57ms)
			AfterProcessingInitializeOnLoad (6ms)
			EditorAssembliesLoaded (0ms)
		ExecutionOrderSort2 (0ms)
		AwakeInstancesAfterBackupRestoration (10ms)
Refreshing native plugins compatible for Editor in 0.78 ms, found 3 plugins.
Preloading 0 native plugins for Editor in 0.00 ms.
Unloading 13 Unused Serialized files (Serialized files now loaded: 0)
Unloading 4687 unused Assets / (3.5 MB). Loaded Objects now: 5518.
Memory consumption went from 156.9 MB to 153.4 MB.
Total: 9.194400 ms (FindLiveObjects: 0.778300 ms CreateObjectMapping: 0.542000 ms MarkObjects: 6.094200 ms  DeleteObjects: 1.778800 ms)

Prepare: number of updated asset objects reloaded= 0
========================================================================
Received Import Request.
  Time since last request: 142.206887 seconds.
  path: Assets/Art/cash_display.png
  artifactKey: Guid(bb829475b7614c3478205efe06cf8ebf) Importer(815301076,1909f56bfc062723c751e8b465ee728b)
Start importing Assets/Art/cash_display.png using Guid(bb829475b7614c3478205efe06cf8ebf) Importer(815301076,1909f56bfc062723c751e8b465ee728b) (PreviewImporter)[PhysX] Initialized MultithreadedTaskDispatcher with 6 workers.
[PhysX] Initialized MultithreadedTaskDispatcher with 6 workers.
 -> (artifact id: '55a46523ac1de9222a7832f0942f76fa') in 0.0810554 seconds
Number of updated asset objects reloaded before import = 0Number of asset objects unloaded after import = 3

========================================================================
Received Import Request.
  Time since last request: 0.000020 seconds.
  path: Assets/Art/Overworld.png
  artifactKey: Guid(1509ed9173876264fae13764b195c47b) Importer(815301076,1909f56bfc062723c751e8b465ee728b)
Start importing Assets/Art/Overworld.png using Guid(1509ed9173876264fae13764b195c47b) Importer(815301076,1909f56bfc062723c751e8b465ee728b) (PreviewImporter)[PhysX] Initialized MultithreadedTaskDispatcher with 6 workers.
[PhysX] Initialized MultithreadedTaskDispatcher with 6 workers.
 -> (artifact id: '48a608736c161afde8d01b2e037cf9a1') in 1.5473159 seconds
Number of updated asset objects reloaded before import = 0Number of asset objects unloaded after import = 1019

========================================================================
Received Import Request.
  Time since last request: 0.000049 seconds.
  path: Assets/Art/wood.png
  artifactKey: Guid(6c83f7695802a874c84490b461733dc7) Importer(815301076,1909f56bfc062723c751e8b465ee728b)
Start importing Assets/Art/wood.png using Guid(6c83f7695802a874c84490b461733dc7) Importer(815301076,1909f56bfc062723c751e8b465ee728b) (PreviewImporter)[PhysX] Initialized MultithreadedTaskDispatcher with 6 workers.
[PhysX] Initialized MultithreadedTaskDispatcher with 6 workers.
 -> (artifact id: '4c3e0ce6d344aa6aaa9b388e7d5ca8aa') in 0.013601 seconds
Number of updated asset objects reloaded before import = 0Number of asset objects unloaded after import = 3

========================================================================
Received Import Request.
  Time since last request: 0.000018 seconds.
  path: Assets/Art/pixeland.PNG
  artifactKey: Guid(4ba05a6a8d4cf6d49b8837d142848611) Importer(815301076,1909f56bfc062723c751e8b465ee728b)
Start importing Assets/Art/pixeland.PNG using Guid(4ba05a6a8d4cf6d49b8837d142848611) Importer(815301076,1909f56bfc062723c751e8b465ee728b) (PreviewImporter)[PhysX] Initialized MultithreadedTaskDispatcher with 6 workers.
[PhysX] Initialized MultithreadedTaskDispatcher with 6 workers.
 -> (artifact id: 'cb8961c373f0dc11a46c3b54492475a6') in 1.2694618 seconds
Number of updated asset objects reloaded before import = 0Number of asset objects unloaded after import = 702

========================================================================
Received Import Request.
  Time since last request: 0.000102 seconds.
  path: Assets/Art/Wooden Axe.png
  artifactKey: Guid(d6f51486401aa454aa15a188bf25a3b2) Importer(815301076,1909f56bfc062723c751e8b465ee728b)
Start importing Assets/Art/Wooden Axe.png using Guid(d6f51486401aa454aa15a188bf25a3b2) Importer(815301076,1909f56bfc062723c751e8b465ee728b) (PreviewImporter)[PhysX] Initialized MultithreadedTaskDispatcher with 6 workers.
[PhysX] Initialized MultithreadedTaskDispatcher with 6 workers.
 -> (artifact id: '066323ccba2cf7c254634a29cda0e2a7') in 0.0127016 seconds
Number of updated asset objects reloaded before import = 0Number of asset objects unloaded after import = 3

========================================================================
Received Import Request.
  Time since last request: 0.000030 seconds.
  path: Assets/Art/Inventory.png
  artifactKey: Guid(959215d72db39a84e86425c52f916941) Importer(815301076,1909f56bfc062723c751e8b465ee728b)
Start importing Assets/Art/Inventory.png using Guid(959215d72db39a84e86425c52f916941) Importer(815301076,1909f56bfc062723c751e8b465ee728b) (PreviewImporter)[PhysX] Initialized MultithreadedTaskDispatcher with 6 workers.
[PhysX] Initialized MultithreadedTaskDispatcher with 6 workers.
 -> (artifact id: '34108edab2b8853a7102980b66981867') in 0.0202736 seconds
Number of updated asset objects reloaded before import = 0Number of asset objects unloaded after import = 4

========================================================================
Received Import Request.
  Time since last request: 0.000019 seconds.
  path: Assets/Art/grass.png
  artifactKey: Guid(3b5470695768fe84399b2e02caf1d569) Importer(815301076,1909f56bfc062723c751e8b465ee728b)
Start importing Assets/Art/grass.png using Guid(3b5470695768fe84399b2e02caf1d569) Importer(815301076,1909f56bfc062723c751e8b465ee728b) (PreviewImporter)[PhysX] Initialized MultithreadedTaskDispatcher with 6 workers.
[PhysX] Initialized MultithreadedTaskDispatcher with 6 workers.
 -> (artifact id: 'b40b1adbbb3ff90977f5604b6855c1e0') in 0.0401885 seconds
Number of updated asset objects reloaded before import = 0Number of asset objects unloaded after import = 20

========================================================================
Received Import Request.
  Time since last request: 0.000181 seconds.
  path: Assets/Art/foresttiles.gif
  artifactKey: Guid(7d06ffc3df5acd644bb649b3b2e50df3) Importer(815301076,1909f56bfc062723c751e8b465ee728b)
Start importing Assets/Art/foresttiles.gif using Guid(7d06ffc3df5acd644bb649b3b2e50df3) Importer(815301076,1909f56bfc062723c751e8b465ee728b) (PreviewImporter)[PhysX] Initialized MultithreadedTaskDispatcher with 6 workers.
[PhysX] Initialized MultithreadedTaskDispatcher with 6 workers.
 -> (artifact id: '644ef5bcab822e1c9ad07d5a8c812c28') in 0.0151702 seconds
Number of updated asset objects reloaded before import = 0Number of asset objects unloaded after import = 3

========================================================================
Received Import Request.
  Time since last request: 83.760409 seconds.
  path: Assets/Menu/BRLNSDB.TTF
  artifactKey: Guid(ea01c6f2f0994fd4481e19b6e7968178) Importer(815301076,1909f56bfc062723c751e8b465ee728b)
Start importing Assets/Menu/BRLNSDB.TTF using Guid(ea01c6f2f0994fd4481e19b6e7968178) Importer(815301076,1909f56bfc062723c751e8b465ee728b) (PreviewImporter)[PhysX] Initialized MultithreadedTaskDispatcher with 6 workers.
[PhysX] Initialized MultithreadedTaskDispatcher with 6 workers.
[PhysX] Initialized MultithreadedTaskDispatcher with 6 workers.
 -> (artifact id: '07cdf0f0db2dd3d75738c047c8eabc34') in 0.499926 seconds
Number of updated asset objects reloaded before import = 0Number of asset objects unloaded after import = 5

========================================================================
Received Import Request.
  Time since last request: 0.000039 seconds.
  path: Assets/Menu/Roboto-Black.ttf
  artifactKey: Guid(3d22de9482de67042aa3b75b413633a5) Importer(815301076,1909f56bfc062723c751e8b465ee728b)
Start importing Assets/Menu/Roboto-Black.ttf using Guid(3d22de9482de67042aa3b75b413633a5) Importer(815301076,1909f56bfc062723c751e8b465ee728b) (PreviewImporter)[PhysX] Initialized MultithreadedTaskDispatcher with 6 workers.
[PhysX] Initialized MultithreadedTaskDispatcher with 6 workers.
[PhysX] Initialized MultithreadedTaskDispatcher with 6 workers.
 -> (artifact id: 'add25a8bb2f251e393b0e081fbf886f1') in 0.0117323 seconds
Number of updated asset objects reloaded before import = 0Number of asset objects unloaded after import = 4

========================================================================
Received Import Request.
  Time since last request: 0.000037 seconds.
  path: Assets/Menu/island.jpg
  artifactKey: Guid(25680a8d9cf445a4998bdca011244a1a) Importer(815301076,1909f56bfc062723c751e8b465ee728b)
Start importing Assets/Menu/island.jpg using Guid(25680a8d9cf445a4998bdca011244a1a) Importer(815301076,1909f56bfc062723c751e8b465ee728b) (PreviewImporter)[PhysX] Initialized MultithreadedTaskDispatcher with 6 workers.
[PhysX] Initialized MultithreadedTaskDispatcher with 6 workers.
 -> (artifact id: '07d29c23f710f48f9c06b946dd856587') in 0.0155106 seconds
Number of updated asset objects reloaded before import = 0Number of asset objects unloaded after import = 3

========================================================================
Received Import Request.
  Time since last request: 0.000057 seconds.
  path: Assets/Menu/Roboto-BlackItalic.ttf
  artifactKey: Guid(2e2ca2172fbf14747bdb7dd2d58eeff4) Importer(815301076,1909f56bfc062723c751e8b465ee728b)
Start importing Assets/Menu/Roboto-BlackItalic.ttf using Guid(2e2ca2172fbf14747bdb7dd2d58eeff4) Importer(815301076,1909f56bfc062723c751e8b465ee728b) (PreviewImporter)[PhysX] Initialized MultithreadedTaskDispatcher with 6 workers.
[PhysX] Initialized MultithreadedTaskDispatcher with 6 workers.
[PhysX] Initialized MultithreadedTaskDispatcher with 6 workers.
 -> (artifact id: 'f760c7e48a0066d4c39c1d044379fb7c') in 0.0117269 seconds
Number of updated asset objects reloaded before import = 0Number of asset objects unloaded after import = 4

========================================================================
Received Import Request.
  Time since last request: 0.000024 seconds.
  path: Assets/Menu/Roboto-MediumItalic.ttf
  artifactKey: Guid(42e838e867a8d3141838d3ffbef67d9e) Importer(815301076,1909f56bfc062723c751e8b465ee728b)
Start importing Assets/Menu/Roboto-MediumItalic.ttf using Guid(42e838e867a8d3141838d3ffbef67d9e) Importer(815301076,1909f56bfc062723c751e8b465ee728b) (PreviewImporter)[PhysX] Initialized MultithreadedTaskDispatcher with 6 workers.
[PhysX] Initialized MultithreadedTaskDispatcher with 6 workers.
[PhysX] Initialized MultithreadedTaskDispatcher with 6 workers.
 -> (artifact id: 'c447ba070da030cfd4f32810ea2c9dbb') in 0.0100692 seconds
Number of updated asset objects reloaded before import = 0Number of asset objects unloaded after import = 4

========================================================================
Received Import Request.
  Time since last request: 0.000023 seconds.
  path: Assets/Menu/RobotoCondensed-Regular.ttf
  artifactKey: Guid(7985f9bf03e674a44aac94bb1baf21b2) Importer(815301076,1909f56bfc062723c751e8b465ee728b)
Start importing Assets/Menu/RobotoCondensed-Regular.ttf using Guid(7985f9bf03e674a44aac94bb1baf21b2) Importer(815301076,1909f56bfc062723c751e8b465ee728b) (PreviewImporter)[PhysX] Initialized MultithreadedTaskDispatcher with 6 workers.
[PhysX] Initialized MultithreadedTaskDispatcher with 6 workers.
[PhysX] Initialized MultithreadedTaskDispatcher with 6 workers.
 -> (artifact id: 'd16759e8a4b0dff075ae9d43b6185e0f') in 0.0109253 seconds
Number of updated asset objects reloaded before import = 0Number of asset objects unloaded after import = 4

========================================================================
Received Import Request.
  Time since last request: 0.000028 seconds.
  path: Assets/Menu/Roboto-BoldItalic.ttf
  artifactKey: Guid(e2a03f9e59b11b84ba29dc2fe744a977) Importer(815301076,1909f56bfc062723c751e8b465ee728b)
Start importing Assets/Menu/Roboto-BoldItalic.ttf using Guid(e2a03f9e59b11b84ba29dc2fe744a977) Importer(815301076,1909f56bfc062723c751e8b465ee728b) (PreviewImporter)[PhysX] Initialized MultithreadedTaskDispatcher with 6 workers.
[PhysX] Initialized MultithreadedTaskDispatcher with 6 workers.
[PhysX] Initialized MultithreadedTaskDispatcher with 6 workers.
 -> (artifact id: 'c5164bd22e3d8558f2821f15d51eb8da') in 0.0094926 seconds
Number of updated asset objects reloaded before import = 0Number of asset objects unloaded after import = 4

========================================================================
Received Import Request.
  Time since last request: 0.000022 seconds.
  path: Assets/Menu/RobotoCondensed-BoldItalic.ttf
  artifactKey: Guid(31f87c7d5a31ece4685648a590ad4b52) Importer(815301076,1909f56bfc062723c751e8b465ee728b)
Start importing Assets/Menu/RobotoCondensed-BoldItalic.ttf using Guid(31f87c7d5a31ece4685648a590ad4b52) Importer(815301076,1909f56bfc062723c751e8b465ee728b) (PreviewImporter)[PhysX] Initialized MultithreadedTaskDispatcher with 6 workers.
[PhysX] Initialized MultithreadedTaskDispatcher with 6 workers.
[PhysX] Initialized MultithreadedTaskDispatcher with 6 workers.
 -> (artifact id: '5d99f4c7d2953b991a100c6fe4603073') in 0.0092149 seconds
Number of updated asset objects reloaded before import = 0Number of asset objects unloaded after import = 4

========================================================================
Received Import Request.
  Time since last request: 0.000027 seconds.
  path: Assets/Menu/RobotoCondensed-LightItalic.ttf
  artifactKey: Guid(d6084aebfb30c0c41ac8218aaec57ada) Importer(815301076,1909f56bfc062723c751e8b465ee728b)
Start importing Assets/Menu/RobotoCondensed-LightItalic.ttf using Guid(d6084aebfb30c0c41ac8218aaec57ada) Importer(815301076,1909f56bfc062723c751e8b465ee728b) (PreviewImporter)[PhysX] Initialized MultithreadedTaskDispatcher with 6 workers.
[PhysX] Initialized MultithreadedTaskDispatcher with 6 workers.
[PhysX] Initialized MultithreadedTaskDispatcher with 6 workers.
 -> (artifact id: '28c5dc0d98acdc1727dfbb44a158e7ea') in 0.0107007 seconds
Number of updated asset objects reloaded before import = 0Number of asset objects unloaded after import = 4

========================================================================
Received Import Request.
  Time since last request: 0.000079 seconds.
  path: Assets/Menu/Roboto-Italic.ttf
  artifactKey: Guid(0c5d36cbb0ca4dc43b2b3d5be0b83f39) Importer(815301076,1909f56bfc062723c751e8b465ee728b)
Start importing Assets/Menu/Roboto-Italic.ttf using Guid(0c5d36cbb0ca4dc43b2b3d5be0b83f39) Importer(815301076,1909f56bfc062723c751e8b465ee728b) (PreviewImporter)[PhysX] Initialized MultithreadedTaskDispatcher with 6 workers.
[PhysX] Initialized MultithreadedTaskDispatcher with 6 workers.
[PhysX] Initialized MultithreadedTaskDispatcher with 6 workers.
 -> (artifact id: '6f154e959945e829f06527f02fc731b4') in 0.0094827 seconds
Number of updated asset objects reloaded before import = 0Number of asset objects unloaded after import = 4

========================================================================
Received Import Request.
  Time since last request: 0.000029 seconds.
  path: Assets/Menu/RobotoCondensed-Light.ttf
  artifactKey: Guid(dc214a939e46dee459b2eb25360a8ded) Importer(815301076,1909f56bfc062723c751e8b465ee728b)
Start importing Assets/Menu/RobotoCondensed-Light.ttf using Guid(dc214a939e46dee459b2eb25360a8ded) Importer(815301076,1909f56bfc062723c751e8b465ee728b) (PreviewImporter)[PhysX] Initialized MultithreadedTaskDispatcher with 6 workers.
[PhysX] Initialized MultithreadedTaskDispatcher with 6 workers.
[PhysX] Initialized MultithreadedTaskDispatcher with 6 workers.
 -> (artifact id: '6a79d58e821e7227a6431bc29a64874c') in 0.0101198 seconds
Number of updated asset objects reloaded before import = 0Number of asset objects unloaded after import = 4

========================================================================
Received Import Request.
  Time since last request: 0.000023 seconds.
  path: Assets/Menu/RobotoCondensed-Italic.ttf
  artifactKey: Guid(9d3a0b67695d9b24587773a01ff00baa) Importer(815301076,1909f56bfc062723c751e8b465ee728b)
Start importing Assets/Menu/RobotoCondensed-Italic.ttf using Guid(9d3a0b67695d9b24587773a01ff00baa) Importer(815301076,1909f56bfc062723c751e8b465ee728b) (PreviewImporter)[PhysX] Initialized MultithreadedTaskDispatcher with 6 workers.
[PhysX] Initialized MultithreadedTaskDispatcher with 6 workers.
[PhysX] Initialized MultithreadedTaskDispatcher with 6 workers.
 -> (artifact id: '4bcc9ff272167af469b9abf7aadb419d') in 0.0106303 seconds
Number of updated asset objects reloaded before import = 0Number of asset objects unloaded after import = 4

========================================================================
Received Prepare
Begin MonoManager ReloadAssembly
- Loaded All Assemblies, in  0.663 seconds
Refreshing native plugins compatible for Editor in 0.94 ms, found 3 plugins.
Native extension for WindowsStandalone target not found
Mono: successfully reloaded assembly
- Finished resetting the current domain, in  0.868 seconds
Domain Reload Profiling: 1531ms
	BeginReloadAssembly (211ms)
		ExecutionOrderSort (0ms)
		DisableScriptedObjects (28ms)
		BackupInstance (0ms)
		ReleaseScriptingObjects (0ms)
		CreateAndSetChildDomain (64ms)
	RebuildCommonClasses (43ms)
	RebuildNativeTypeToScriptingClass (16ms)
	initialDomainReloadingComplete (33ms)
	LoadAllAssembliesAndSetupDomain (359ms)
		LoadAssemblies (288ms)
		RebuildTransferFunctionScriptingTraits (0ms)
		AnalyzeDomain (157ms)
			TypeCache.Refresh (6ms)
				TypeCache.ScanAssembly (0ms)
			BuildScriptInfoCaches (140ms)
			ResolveRequiredComponents (8ms)
	FinalizeReload (869ms)
		ReleaseScriptCaches (0ms)
		RebuildScriptCaches (0ms)
		SetupLoadedEditorAssemblies (596ms)
			LogAssemblyErrors (0ms)
			InitializePlatformSupportModulesInManaged (2ms)
			SetLoadedEditorAssemblies (3ms)
			BeforeProcessingInitializeOnLoad (48ms)
			ProcessInitializeOnLoadAttributes (447ms)
			ProcessInitializeOnLoadMethodAttributes (87ms)
			AfterProcessingInitializeOnLoad (8ms)
			EditorAssembliesLoaded (0ms)
		ExecutionOrderSort2 (0ms)
		AwakeInstancesAfterBackupRestoration (13ms)
Refreshing native plugins compatible for Editor in 0.70 ms, found 3 plugins.
Preloading 0 native plugins for Editor in 0.00 ms.
Unloading 13 Unused Serialized files (Serialized files now loaded: 0)
Unloading 4688 unused Assets / (3.3 MB). Loaded Objects now: 5613.
Memory consumption went from 159.4 MB to 156.2 MB.
Total: 6.665300 ms (FindLiveObjects: 0.498500 ms CreateObjectMapping: 0.220400 ms MarkObjects: 4.571500 ms  DeleteObjects: 1.373800 ms)

Prepare: number of updated asset objects reloaded= 0
Editor requested this worker to shutdown with reason: Scaling down because of idle timeout
AssetImportWorker is now disconnected from the server
Process exiting
Exiting without the bug reporter. Application will terminate with return code 0